[20250226-06:17:59] Bắt đầu triển khai branch: main trên môi trường: production
[20250226-06:17:59] Tạo backup thư mục hiện tại...
[20250226-06:18:06] Install dependencies...
npm WARN using --force Recommended protections disabled.
npm WARN ERESOLVE overriding peer dependency
npm WARN While resolving: @typescript-eslint/eslint-plugin@7.18.0
npm WARN Found: eslint@9.21.0
npm WARN node_modules/eslint
npm WARN   dev eslint@"^9.8.0" from the root project
npm WARN   7 more (@eslint-community/eslint-utils, ...)
npm WARN 
npm WARN Could not resolve dependency:
npm WARN peer eslint@"^8.56.0" from @typescript-eslint/eslint-plugin@7.18.0
npm WARN node_modules/@typescript-eslint/eslint-plugin
npm WARN   dev @typescript-eslint/eslint-plugin@"^7.18.0" from the root project
npm WARN 
npm WARN Conflicting peer dependency: eslint@8.57.1
npm WARN node_modules/eslint
npm WARN   peer eslint@"^8.56.0" from @typescript-eslint/eslint-plugin@7.18.0
npm WARN   node_modules/@typescript-eslint/eslint-plugin
npm WARN     dev @typescript-eslint/eslint-plugin@"^7.18.0" from the root project
npm WARN ERESOLVE overriding peer dependency
npm WARN While resolving: @typescript-eslint/parser@7.18.0
npm WARN Found: eslint@9.21.0
npm WARN node_modules/eslint
npm WARN   dev eslint@"^9.8.0" from the root project
npm WARN   7 more (@eslint-community/eslint-utils, ...)
npm WARN 
npm WARN Could not resolve dependency:
npm WARN peer eslint@"^8.56.0" from @typescript-eslint/parser@7.18.0
npm WARN node_modules/@typescript-eslint/parser
npm WARN   dev @typescript-eslint/parser@"^7.18.0" from the root project
npm WARN   1 more (@typescript-eslint/eslint-plugin)
npm WARN 
npm WARN Conflicting peer dependency: eslint@8.57.1
npm WARN node_modules/eslint
npm WARN   peer eslint@"^8.56.0" from @typescript-eslint/parser@7.18.0
npm WARN   node_modules/@typescript-eslint/parser
npm WARN     dev @typescript-eslint/parser@"^7.18.0" from the root project
npm WARN     1 more (@typescript-eslint/eslint-plugin)
npm WARN ERESOLVE overriding peer dependency
npm WARN While resolving: eslint-plugin-react-hooks@4.6.2
npm WARN Found: eslint@9.21.0
npm WARN node_modules/eslint
npm WARN   dev eslint@"^9.8.0" from the root project
npm WARN   7 more (@eslint-community/eslint-utils, ...)
npm WARN 
npm WARN Could not resolve dependency:
npm WARN peer eslint@"^3.0.0 || ^4.0.0 || ^5.0.0 || ^6.0.0 || ^7.0.0 || ^8.0.0-0" from eslint-plugin-react-hooks@4.6.2
npm WARN node_modules/eslint-plugin-react-hooks
npm WARN   dev eslint-plugin-react-hooks@"^4.6.2" from the root project
npm WARN 
npm WARN Conflicting peer dependency: eslint@8.57.1
npm WARN node_modules/eslint
npm WARN   peer eslint@"^3.0.0 || ^4.0.0 || ^5.0.0 || ^6.0.0 || ^7.0.0 || ^8.0.0-0" from eslint-plugin-react-hooks@4.6.2
npm WARN   node_modules/eslint-plugin-react-hooks
npm WARN     dev eslint-plugin-react-hooks@"^4.6.2" from the root project
npm WARN ERESOLVE overriding peer dependency
npm WARN While resolving: @typescript-eslint/type-utils@7.18.0
npm WARN Found: eslint@9.21.0
npm WARN node_modules/eslint
npm WARN   dev eslint@"^9.8.0" from the root project
npm WARN   7 more (@eslint-community/eslint-utils, ...)
npm WARN 
npm WARN Could not resolve dependency:
npm WARN peer eslint@"^8.56.0" from @typescript-eslint/type-utils@7.18.0
npm WARN node_modules/@typescript-eslint/eslint-plugin/node_modules/@typescript-eslint/type-utils
npm WARN   @typescript-eslint/type-utils@"7.18.0" from @typescript-eslint/eslint-plugin@7.18.0
npm WARN   node_modules/@typescript-eslint/eslint-plugin
npm WARN 
npm WARN Conflicting peer dependency: eslint@8.57.1
npm WARN node_modules/eslint
npm WARN   peer eslint@"^8.56.0" from @typescript-eslint/type-utils@7.18.0
npm WARN   node_modules/@typescript-eslint/eslint-plugin/node_modules/@typescript-eslint/type-utils
npm WARN     @typescript-eslint/type-utils@"7.18.0" from @typescript-eslint/eslint-plugin@7.18.0
npm WARN     node_modules/@typescript-eslint/eslint-plugin
npm WARN ERESOLVE overriding peer dependency
npm WARN While resolving: @typescript-eslint/utils@7.18.0
npm WARN Found: eslint@9.21.0
npm WARN node_modules/eslint
npm WARN   dev eslint@"^9.8.0" from the root project
npm WARN   7 more (@eslint-community/eslint-utils, ...)
npm WARN 
npm WARN Could not resolve dependency:
npm WARN peer eslint@"^8.56.0" from @typescript-eslint/utils@7.18.0
npm WARN node_modules/@typescript-eslint/eslint-plugin/node_modules/@typescript-eslint/utils
npm WARN   @typescript-eslint/utils@"7.18.0" from @typescript-eslint/eslint-plugin@7.18.0
npm WARN   node_modules/@typescript-eslint/eslint-plugin
npm WARN   1 more (@typescript-eslint/type-utils)
npm WARN 
npm WARN Conflicting peer dependency: eslint@8.57.1
npm WARN node_modules/eslint
npm WARN   peer eslint@"^8.56.0" from @typescript-eslint/utils@7.18.0
npm WARN   node_modules/@typescript-eslint/eslint-plugin/node_modules/@typescript-eslint/utils
npm WARN     @typescript-eslint/utils@"7.18.0" from @typescript-eslint/eslint-plugin@7.18.0
npm WARN     node_modules/@typescript-eslint/eslint-plugin
npm WARN     1 more (@typescript-eslint/type-utils)

up to date, audited 468 packages in 1s

156 packages are looking for funding
  run `npm fund` for details

2 moderate severity vulnerabilities

To address all issues (including breaking changes), run:
  npm audit fix --force

Run `npm audit` for details.
[20250226-06:18:07] Build...

> shopee-clone@0.0.0 build
> tsc -b && vite build

vite v5.4.14 building for production...
transforming...
✓ 624 modules transformed.
rendering chunks...
computing gzip size...
dist/index.html                   0.46 kB │ gzip:   0.30 kB
dist/assets/user-D8aBXek0.png    10.11 kB
dist/assets/index-fW0t2oM7.css   36.25 kB │ gzip:   7.24 kB
dist/assets/index-BIGqR9F2.js   709.42 kB │ gzip: 242.64 kB
✓ built in 4.37s
[20250226-06:18:13] Restart service...
[20250226-06:18:13] Triển khai thành công!
[20250226-06:25:13] Bắt đầu triển khai branch: main trên môi trường: production
[20250226-06:25:13] Tạo backup thư mục hiện tại...
[20250226-06:25:20] Install dependencies...
npm WARN using --force Recommended protections disabled.
npm WARN ERESOLVE overriding peer dependency
npm WARN While resolving: @typescript-eslint/eslint-plugin@7.18.0
npm WARN Found: eslint@9.21.0
npm WARN node_modules/eslint
npm WARN   dev eslint@"^9.8.0" from the root project
npm WARN   7 more (@eslint-community/eslint-utils, ...)
npm WARN 
npm WARN Could not resolve dependency:
npm WARN peer eslint@"^8.56.0" from @typescript-eslint/eslint-plugin@7.18.0
npm WARN node_modules/@typescript-eslint/eslint-plugin
npm WARN   dev @typescript-eslint/eslint-plugin@"^7.18.0" from the root project
npm WARN 
npm WARN Conflicting peer dependency: eslint@8.57.1
npm WARN node_modules/eslint
npm WARN   peer eslint@"^8.56.0" from @typescript-eslint/eslint-plugin@7.18.0
npm WARN   node_modules/@typescript-eslint/eslint-plugin
npm WARN     dev @typescript-eslint/eslint-plugin@"^7.18.0" from the root project
npm WARN ERESOLVE overriding peer dependency
npm WARN While resolving: @typescript-eslint/parser@7.18.0
npm WARN Found: eslint@9.21.0
npm WARN node_modules/eslint
npm WARN   dev eslint@"^9.8.0" from the root project
npm WARN   7 more (@eslint-community/eslint-utils, ...)
npm WARN 
npm WARN Could not resolve dependency:
npm WARN peer eslint@"^8.56.0" from @typescript-eslint/parser@7.18.0
npm WARN node_modules/@typescript-eslint/parser
npm WARN   dev @typescript-eslint/parser@"^7.18.0" from the root project
npm WARN   1 more (@typescript-eslint/eslint-plugin)
npm WARN 
npm WARN Conflicting peer dependency: eslint@8.57.1
npm WARN node_modules/eslint
npm WARN   peer eslint@"^8.56.0" from @typescript-eslint/parser@7.18.0
npm WARN   node_modules/@typescript-eslint/parser
npm WARN     dev @typescript-eslint/parser@"^7.18.0" from the root project
npm WARN     1 more (@typescript-eslint/eslint-plugin)
npm WARN ERESOLVE overriding peer dependency
npm WARN While resolving: eslint-plugin-react-hooks@4.6.2
npm WARN Found: eslint@9.21.0
npm WARN node_modules/eslint
npm WARN   dev eslint@"^9.8.0" from the root project
npm WARN   7 more (@eslint-community/eslint-utils, ...)
npm WARN 
npm WARN Could not resolve dependency:
npm WARN peer eslint@"^3.0.0 || ^4.0.0 || ^5.0.0 || ^6.0.0 || ^7.0.0 || ^8.0.0-0" from eslint-plugin-react-hooks@4.6.2
npm WARN node_modules/eslint-plugin-react-hooks
npm WARN   dev eslint-plugin-react-hooks@"^4.6.2" from the root project
npm WARN 
npm WARN Conflicting peer dependency: eslint@8.57.1
npm WARN node_modules/eslint
npm WARN   peer eslint@"^3.0.0 || ^4.0.0 || ^5.0.0 || ^6.0.0 || ^7.0.0 || ^8.0.0-0" from eslint-plugin-react-hooks@4.6.2
npm WARN   node_modules/eslint-plugin-react-hooks
npm WARN     dev eslint-plugin-react-hooks@"^4.6.2" from the root project
npm WARN ERESOLVE overriding peer dependency
npm WARN While resolving: @typescript-eslint/type-utils@7.18.0
npm WARN Found: eslint@9.21.0
npm WARN node_modules/eslint
npm WARN   dev eslint@"^9.8.0" from the root project
npm WARN   7 more (@eslint-community/eslint-utils, ...)
npm WARN 
npm WARN Could not resolve dependency:
npm WARN peer eslint@"^8.56.0" from @typescript-eslint/type-utils@7.18.0
npm WARN node_modules/@typescript-eslint/eslint-plugin/node_modules/@typescript-eslint/type-utils
npm WARN   @typescript-eslint/type-utils@"7.18.0" from @typescript-eslint/eslint-plugin@7.18.0
npm WARN   node_modules/@typescript-eslint/eslint-plugin
npm WARN 
npm WARN Conflicting peer dependency: eslint@8.57.1
npm WARN node_modules/eslint
npm WARN   peer eslint@"^8.56.0" from @typescript-eslint/type-utils@7.18.0
npm WARN   node_modules/@typescript-eslint/eslint-plugin/node_modules/@typescript-eslint/type-utils
npm WARN     @typescript-eslint/type-utils@"7.18.0" from @typescript-eslint/eslint-plugin@7.18.0
npm WARN     node_modules/@typescript-eslint/eslint-plugin
npm WARN ERESOLVE overriding peer dependency
npm WARN While resolving: @typescript-eslint/utils@7.18.0
npm WARN Found: eslint@9.21.0
npm WARN node_modules/eslint
npm WARN   dev eslint@"^9.8.0" from the root project
npm WARN   7 more (@eslint-community/eslint-utils, ...)
npm WARN 
npm WARN Could not resolve dependency:
npm WARN peer eslint@"^8.56.0" from @typescript-eslint/utils@7.18.0
npm WARN node_modules/@typescript-eslint/eslint-plugin/node_modules/@typescript-eslint/utils
npm WARN   @typescript-eslint/utils@"7.18.0" from @typescript-eslint/eslint-plugin@7.18.0
npm WARN   node_modules/@typescript-eslint/eslint-plugin
npm WARN   1 more (@typescript-eslint/type-utils)
npm WARN 
npm WARN Conflicting peer dependency: eslint@8.57.1
npm WARN node_modules/eslint
npm WARN   peer eslint@"^8.56.0" from @typescript-eslint/utils@7.18.0
npm WARN   node_modules/@typescript-eslint/eslint-plugin/node_modules/@typescript-eslint/utils
npm WARN     @typescript-eslint/utils@"7.18.0" from @typescript-eslint/eslint-plugin@7.18.0
npm WARN     node_modules/@typescript-eslint/eslint-plugin
npm WARN     1 more (@typescript-eslint/type-utils)

up to date, audited 468 packages in 1s

156 packages are looking for funding
  run `npm fund` for details

2 moderate severity vulnerabilities

To address all issues (including breaking changes), run:
  npm audit fix --force

Run `npm audit` for details.
[20250226-06:25:22] Build...

> shopee-clone@0.0.0 build
> tsc -b && vite build

vite v5.4.14 building for production...
transforming...
✓ 624 modules transformed.
rendering chunks...
computing gzip size...
dist/index.html                   0.46 kB │ gzip:   0.30 kB
dist/assets/user-D8aBXek0.png    10.11 kB
dist/assets/index-fW0t2oM7.css   36.25 kB │ gzip:   7.24 kB
dist/assets/index-BIGqR9F2.js   709.42 kB │ gzip: 242.64 kB
✓ built in 4.14s
[20250226-06:25:27] Restart service...
[20250226-06:25:27] Triển khai thành công!
[20250226-06:34:51] Bắt đầu triển khai branch: main trên môi trường: production
[20250226-06:34:51] Tạo backup thư mục hiện tại...
[20250226-06:34:58] Install dependencies...
npm WARN using --force Recommended protections disabled.
npm WARN ERESOLVE overriding peer dependency
npm WARN While resolving: @typescript-eslint/eslint-plugin@7.18.0
npm WARN Found: eslint@9.21.0
npm WARN node_modules/eslint
npm WARN   dev eslint@"^9.8.0" from the root project
npm WARN   7 more (@eslint-community/eslint-utils, ...)
npm WARN 
npm WARN Could not resolve dependency:
npm WARN peer eslint@"^8.56.0" from @typescript-eslint/eslint-plugin@7.18.0
npm WARN node_modules/@typescript-eslint/eslint-plugin
npm WARN   dev @typescript-eslint/eslint-plugin@"^7.18.0" from the root project
npm WARN 
npm WARN Conflicting peer dependency: eslint@8.57.1
npm WARN node_modules/eslint
npm WARN   peer eslint@"^8.56.0" from @typescript-eslint/eslint-plugin@7.18.0
npm WARN   node_modules/@typescript-eslint/eslint-plugin
npm WARN     dev @typescript-eslint/eslint-plugin@"^7.18.0" from the root project
npm WARN ERESOLVE overriding peer dependency
npm WARN While resolving: @typescript-eslint/parser@7.18.0
npm WARN Found: eslint@9.21.0
npm WARN node_modules/eslint
npm WARN   dev eslint@"^9.8.0" from the root project
npm WARN   7 more (@eslint-community/eslint-utils, ...)
npm WARN 
npm WARN Could not resolve dependency:
npm WARN peer eslint@"^8.56.0" from @typescript-eslint/parser@7.18.0
npm WARN node_modules/@typescript-eslint/parser
npm WARN   dev @typescript-eslint/parser@"^7.18.0" from the root project
npm WARN   1 more (@typescript-eslint/eslint-plugin)
npm WARN 
npm WARN Conflicting peer dependency: eslint@8.57.1
npm WARN node_modules/eslint
npm WARN   peer eslint@"^8.56.0" from @typescript-eslint/parser@7.18.0
npm WARN   node_modules/@typescript-eslint/parser
npm WARN     dev @typescript-eslint/parser@"^7.18.0" from the root project
npm WARN     1 more (@typescript-eslint/eslint-plugin)
npm WARN ERESOLVE overriding peer dependency
npm WARN While resolving: eslint-plugin-react-hooks@4.6.2
npm WARN Found: eslint@9.21.0
npm WARN node_modules/eslint
npm WARN   dev eslint@"^9.8.0" from the root project
npm WARN   7 more (@eslint-community/eslint-utils, ...)
npm WARN 
npm WARN Could not resolve dependency:
npm WARN peer eslint@"^3.0.0 || ^4.0.0 || ^5.0.0 || ^6.0.0 || ^7.0.0 || ^8.0.0-0" from eslint-plugin-react-hooks@4.6.2
npm WARN node_modules/eslint-plugin-react-hooks
npm WARN   dev eslint-plugin-react-hooks@"^4.6.2" from the root project
npm WARN 
npm WARN Conflicting peer dependency: eslint@8.57.1
npm WARN node_modules/eslint
npm WARN   peer eslint@"^3.0.0 || ^4.0.0 || ^5.0.0 || ^6.0.0 || ^7.0.0 || ^8.0.0-0" from eslint-plugin-react-hooks@4.6.2
npm WARN   node_modules/eslint-plugin-react-hooks
npm WARN     dev eslint-plugin-react-hooks@"^4.6.2" from the root project
npm WARN ERESOLVE overriding peer dependency
npm WARN While resolving: @typescript-eslint/type-utils@7.18.0
npm WARN Found: eslint@9.21.0
npm WARN node_modules/eslint
npm WARN   dev eslint@"^9.8.0" from the root project
npm WARN   7 more (@eslint-community/eslint-utils, ...)
npm WARN 
npm WARN Could not resolve dependency:
npm WARN peer eslint@"^8.56.0" from @typescript-eslint/type-utils@7.18.0
npm WARN node_modules/@typescript-eslint/eslint-plugin/node_modules/@typescript-eslint/type-utils
npm WARN   @typescript-eslint/type-utils@"7.18.0" from @typescript-eslint/eslint-plugin@7.18.0
npm WARN   node_modules/@typescript-eslint/eslint-plugin
npm WARN 
npm WARN Conflicting peer dependency: eslint@8.57.1
npm WARN node_modules/eslint
npm WARN   peer eslint@"^8.56.0" from @typescript-eslint/type-utils@7.18.0
npm WARN   node_modules/@typescript-eslint/eslint-plugin/node_modules/@typescript-eslint/type-utils
npm WARN     @typescript-eslint/type-utils@"7.18.0" from @typescript-eslint/eslint-plugin@7.18.0
npm WARN     node_modules/@typescript-eslint/eslint-plugin
npm WARN ERESOLVE overriding peer dependency
npm WARN While resolving: @typescript-eslint/utils@7.18.0
npm WARN Found: eslint@9.21.0
npm WARN node_modules/eslint
npm WARN   dev eslint@"^9.8.0" from the root project
npm WARN   7 more (@eslint-community/eslint-utils, ...)
npm WARN 
npm WARN Could not resolve dependency:
npm WARN peer eslint@"^8.56.0" from @typescript-eslint/utils@7.18.0
npm WARN node_modules/@typescript-eslint/eslint-plugin/node_modules/@typescript-eslint/utils
npm WARN   @typescript-eslint/utils@"7.18.0" from @typescript-eslint/eslint-plugin@7.18.0
npm WARN   node_modules/@typescript-eslint/eslint-plugin
npm WARN   1 more (@typescript-eslint/type-utils)
npm WARN 
npm WARN Conflicting peer dependency: eslint@8.57.1
npm WARN node_modules/eslint
npm WARN   peer eslint@"^8.56.0" from @typescript-eslint/utils@7.18.0
npm WARN   node_modules/@typescript-eslint/eslint-plugin/node_modules/@typescript-eslint/utils
npm WARN     @typescript-eslint/utils@"7.18.0" from @typescript-eslint/eslint-plugin@7.18.0
npm WARN     node_modules/@typescript-eslint/eslint-plugin
npm WARN     1 more (@typescript-eslint/type-utils)

up to date, audited 468 packages in 3s

156 packages are looking for funding
  run `npm fund` for details

2 moderate severity vulnerabilities

To address all issues (including breaking changes), run:
  npm audit fix --force

Run `npm audit` for details.
[20250226-06:35:01] Build...

> shopee-clone@0.0.0 build
> tsc -b && vite build

vite v5.4.14 building for production...
transforming...
✓ 624 modules transformed.
rendering chunks...
computing gzip size...
dist/index.html                   0.46 kB │ gzip:   0.30 kB
dist/assets/user-D8aBXek0.png    10.11 kB
dist/assets/index-fW0t2oM7.css   36.25 kB │ gzip:   7.24 kB
dist/assets/index-BIGqR9F2.js   709.42 kB │ gzip: 242.64 kB
✓ built in 4.14s
[20250226-06:35:06] Restart service...
[20250226-06:35:07] Triển khai thành công!
[20250226-06:35:13] Bắt đầu triển khai branch: main trên môi trường: production
[20250226-06:35:13] Tạo backup thư mục hiện tại...
[20250226-06:35:19] Install dependencies...
npm WARN using --force Recommended protections disabled.
npm WARN ERESOLVE overriding peer dependency
npm WARN While resolving: @typescript-eslint/eslint-plugin@7.18.0
npm WARN Found: eslint@9.21.0
npm WARN node_modules/eslint
npm WARN   dev eslint@"^9.8.0" from the root project
npm WARN   7 more (@eslint-community/eslint-utils, ...)
npm WARN 
npm WARN Could not resolve dependency:
npm WARN peer eslint@"^8.56.0" from @typescript-eslint/eslint-plugin@7.18.0
npm WARN node_modules/@typescript-eslint/eslint-plugin
npm WARN   dev @typescript-eslint/eslint-plugin@"^7.18.0" from the root project
npm WARN 
npm WARN Conflicting peer dependency: eslint@8.57.1
npm WARN node_modules/eslint
npm WARN   peer eslint@"^8.56.0" from @typescript-eslint/eslint-plugin@7.18.0
npm WARN   node_modules/@typescript-eslint/eslint-plugin
npm WARN     dev @typescript-eslint/eslint-plugin@"^7.18.0" from the root project
npm WARN ERESOLVE overriding peer dependency
npm WARN While resolving: @typescript-eslint/parser@7.18.0
npm WARN Found: eslint@9.21.0
npm WARN node_modules/eslint
npm WARN   dev eslint@"^9.8.0" from the root project
npm WARN   7 more (@eslint-community/eslint-utils, ...)
npm WARN 
npm WARN Could not resolve dependency:
npm WARN peer eslint@"^8.56.0" from @typescript-eslint/parser@7.18.0
npm WARN node_modules/@typescript-eslint/parser
npm WARN   dev @typescript-eslint/parser@"^7.18.0" from the root project
npm WARN   1 more (@typescript-eslint/eslint-plugin)
npm WARN 
npm WARN Conflicting peer dependency: eslint@8.57.1
npm WARN node_modules/eslint
npm WARN   peer eslint@"^8.56.0" from @typescript-eslint/parser@7.18.0
npm WARN   node_modules/@typescript-eslint/parser
npm WARN     dev @typescript-eslint/parser@"^7.18.0" from the root project
npm WARN     1 more (@typescript-eslint/eslint-plugin)
npm WARN ERESOLVE overriding peer dependency
npm WARN While resolving: eslint-plugin-react-hooks@4.6.2
npm WARN Found: eslint@9.21.0
npm WARN node_modules/eslint
npm WARN   dev eslint@"^9.8.0" from the root project
npm WARN   7 more (@eslint-community/eslint-utils, ...)
npm WARN 
npm WARN Could not resolve dependency:
npm WARN peer eslint@"^3.0.0 || ^4.0.0 || ^5.0.0 || ^6.0.0 || ^7.0.0 || ^8.0.0-0" from eslint-plugin-react-hooks@4.6.2
npm WARN node_modules/eslint-plugin-react-hooks
npm WARN   dev eslint-plugin-react-hooks@"^4.6.2" from the root project
npm WARN 
npm WARN Conflicting peer dependency: eslint@8.57.1
npm WARN node_modules/eslint
npm WARN   peer eslint@"^3.0.0 || ^4.0.0 || ^5.0.0 || ^6.0.0 || ^7.0.0 || ^8.0.0-0" from eslint-plugin-react-hooks@4.6.2
npm WARN   node_modules/eslint-plugin-react-hooks
npm WARN     dev eslint-plugin-react-hooks@"^4.6.2" from the root project
npm WARN ERESOLVE overriding peer dependency
npm WARN While resolving: @typescript-eslint/type-utils@7.18.0
npm WARN Found: eslint@9.21.0
npm WARN node_modules/eslint
npm WARN   dev eslint@"^9.8.0" from the root project
npm WARN   7 more (@eslint-community/eslint-utils, ...)
npm WARN 
npm WARN Could not resolve dependency:
npm WARN peer eslint@"^8.56.0" from @typescript-eslint/type-utils@7.18.0
npm WARN node_modules/@typescript-eslint/eslint-plugin/node_modules/@typescript-eslint/type-utils
npm WARN   @typescript-eslint/type-utils@"7.18.0" from @typescript-eslint/eslint-plugin@7.18.0
npm WARN   node_modules/@typescript-eslint/eslint-plugin
npm WARN 
npm WARN Conflicting peer dependency: eslint@8.57.1
npm WARN node_modules/eslint
npm WARN   peer eslint@"^8.56.0" from @typescript-eslint/type-utils@7.18.0
npm WARN   node_modules/@typescript-eslint/eslint-plugin/node_modules/@typescript-eslint/type-utils
npm WARN     @typescript-eslint/type-utils@"7.18.0" from @typescript-eslint/eslint-plugin@7.18.0
npm WARN     node_modules/@typescript-eslint/eslint-plugin
npm WARN ERESOLVE overriding peer dependency
npm WARN While resolving: @typescript-eslint/utils@7.18.0
npm WARN Found: eslint@9.21.0
npm WARN node_modules/eslint
npm WARN   dev eslint@"^9.8.0" from the root project
npm WARN   7 more (@eslint-community/eslint-utils, ...)
npm WARN 
npm WARN Could not resolve dependency:
npm WARN peer eslint@"^8.56.0" from @typescript-eslint/utils@7.18.0
npm WARN node_modules/@typescript-eslint/eslint-plugin/node_modules/@typescript-eslint/utils
npm WARN   @typescript-eslint/utils@"7.18.0" from @typescript-eslint/eslint-plugin@7.18.0
npm WARN   node_modules/@typescript-eslint/eslint-plugin
npm WARN   1 more (@typescript-eslint/type-utils)
npm WARN 
npm WARN Conflicting peer dependency: eslint@8.57.1
npm WARN node_modules/eslint
npm WARN   peer eslint@"^8.56.0" from @typescript-eslint/utils@7.18.0
npm WARN   node_modules/@typescript-eslint/eslint-plugin/node_modules/@typescript-eslint/utils
npm WARN     @typescript-eslint/utils@"7.18.0" from @typescript-eslint/eslint-plugin@7.18.0
npm WARN     node_modules/@typescript-eslint/eslint-plugin
npm WARN     1 more (@typescript-eslint/type-utils)

up to date, audited 468 packages in 1s

156 packages are looking for funding
  run `npm fund` for details

2 moderate severity vulnerabilities

To address all issues (including breaking changes), run:
  npm audit fix --force

Run `npm audit` for details.
[20250226-06:35:21] Build...

> shopee-clone@0.0.0 build
> tsc -b && vite build

vite v5.4.14 building for production...
transforming...
✓ 624 modules transformed.
rendering chunks...
computing gzip size...
dist/index.html                   0.46 kB │ gzip:   0.30 kB
dist/assets/user-D8aBXek0.png    10.11 kB
dist/assets/index-fW0t2oM7.css   36.25 kB │ gzip:   7.24 kB
dist/assets/index-BIGqR9F2.js   709.42 kB │ gzip: 242.64 kB
✓ built in 4.11s
[20250226-06:35:26] Restart service...
[20250226-06:35:26] Triển khai thành công!
[20250226-06:37:10] Bắt đầu triển khai branch: main trên môi trường: production
[20250226-06:37:10] Tạo backup thư mục hiện tại...
[20250226-06:37:16] Install dependencies...
npm WARN using --force Recommended protections disabled.
npm WARN ERESOLVE overriding peer dependency
npm WARN While resolving: @typescript-eslint/eslint-plugin@7.18.0
npm WARN Found: eslint@9.21.0
npm WARN node_modules/eslint
npm WARN   dev eslint@"^9.8.0" from the root project
npm WARN   7 more (@eslint-community/eslint-utils, ...)
npm WARN 
npm WARN Could not resolve dependency:
npm WARN peer eslint@"^8.56.0" from @typescript-eslint/eslint-plugin@7.18.0
npm WARN node_modules/@typescript-eslint/eslint-plugin
npm WARN   dev @typescript-eslint/eslint-plugin@"^7.18.0" from the root project
npm WARN 
npm WARN Conflicting peer dependency: eslint@8.57.1
npm WARN node_modules/eslint
npm WARN   peer eslint@"^8.56.0" from @typescript-eslint/eslint-plugin@7.18.0
npm WARN   node_modules/@typescript-eslint/eslint-plugin
npm WARN     dev @typescript-eslint/eslint-plugin@"^7.18.0" from the root project
npm WARN ERESOLVE overriding peer dependency
npm WARN While resolving: @typescript-eslint/parser@7.18.0
npm WARN Found: eslint@9.21.0
npm WARN node_modules/eslint
npm WARN   dev eslint@"^9.8.0" from the root project
npm WARN   7 more (@eslint-community/eslint-utils, ...)
npm WARN 
npm WARN Could not resolve dependency:
npm WARN peer eslint@"^8.56.0" from @typescript-eslint/parser@7.18.0
npm WARN node_modules/@typescript-eslint/parser
npm WARN   dev @typescript-eslint/parser@"^7.18.0" from the root project
npm WARN   1 more (@typescript-eslint/eslint-plugin)
npm WARN 
npm WARN Conflicting peer dependency: eslint@8.57.1
npm WARN node_modules/eslint
npm WARN   peer eslint@"^8.56.0" from @typescript-eslint/parser@7.18.0
npm WARN   node_modules/@typescript-eslint/parser
npm WARN     dev @typescript-eslint/parser@"^7.18.0" from the root project
npm WARN     1 more (@typescript-eslint/eslint-plugin)
npm WARN ERESOLVE overriding peer dependency
npm WARN While resolving: eslint-plugin-react-hooks@4.6.2
npm WARN Found: eslint@9.21.0
npm WARN node_modules/eslint
npm WARN   dev eslint@"^9.8.0" from the root project
npm WARN   7 more (@eslint-community/eslint-utils, ...)
npm WARN 
npm WARN Could not resolve dependency:
npm WARN peer eslint@"^3.0.0 || ^4.0.0 || ^5.0.0 || ^6.0.0 || ^7.0.0 || ^8.0.0-0" from eslint-plugin-react-hooks@4.6.2
npm WARN node_modules/eslint-plugin-react-hooks
npm WARN   dev eslint-plugin-react-hooks@"^4.6.2" from the root project
npm WARN 
npm WARN Conflicting peer dependency: eslint@8.57.1
npm WARN node_modules/eslint
npm WARN   peer eslint@"^3.0.0 || ^4.0.0 || ^5.0.0 || ^6.0.0 || ^7.0.0 || ^8.0.0-0" from eslint-plugin-react-hooks@4.6.2
npm WARN   node_modules/eslint-plugin-react-hooks
npm WARN     dev eslint-plugin-react-hooks@"^4.6.2" from the root project
npm WARN ERESOLVE overriding peer dependency
npm WARN While resolving: @typescript-eslint/type-utils@7.18.0
npm WARN Found: eslint@9.21.0
npm WARN node_modules/eslint
npm WARN   dev eslint@"^9.8.0" from the root project
npm WARN   7 more (@eslint-community/eslint-utils, ...)
npm WARN 
npm WARN Could not resolve dependency:
npm WARN peer eslint@"^8.56.0" from @typescript-eslint/type-utils@7.18.0
npm WARN node_modules/@typescript-eslint/eslint-plugin/node_modules/@typescript-eslint/type-utils
npm WARN   @typescript-eslint/type-utils@"7.18.0" from @typescript-eslint/eslint-plugin@7.18.0
npm WARN   node_modules/@typescript-eslint/eslint-plugin
npm WARN 
npm WARN Conflicting peer dependency: eslint@8.57.1
npm WARN node_modules/eslint
npm WARN   peer eslint@"^8.56.0" from @typescript-eslint/type-utils@7.18.0
npm WARN   node_modules/@typescript-eslint/eslint-plugin/node_modules/@typescript-eslint/type-utils
npm WARN     @typescript-eslint/type-utils@"7.18.0" from @typescript-eslint/eslint-plugin@7.18.0
npm WARN     node_modules/@typescript-eslint/eslint-plugin
npm WARN ERESOLVE overriding peer dependency
npm WARN While resolving: @typescript-eslint/utils@7.18.0
npm WARN Found: eslint@9.21.0
npm WARN node_modules/eslint
npm WARN   dev eslint@"^9.8.0" from the root project
npm WARN   7 more (@eslint-community/eslint-utils, ...)
npm WARN 
npm WARN Could not resolve dependency:
npm WARN peer eslint@"^8.56.0" from @typescript-eslint/utils@7.18.0
npm WARN node_modules/@typescript-eslint/eslint-plugin/node_modules/@typescript-eslint/utils
npm WARN   @typescript-eslint/utils@"7.18.0" from @typescript-eslint/eslint-plugin@7.18.0
npm WARN   node_modules/@typescript-eslint/eslint-plugin
npm WARN   1 more (@typescript-eslint/type-utils)
npm WARN 
npm WARN Conflicting peer dependency: eslint@8.57.1
npm WARN node_modules/eslint
npm WARN   peer eslint@"^8.56.0" from @typescript-eslint/utils@7.18.0
npm WARN   node_modules/@typescript-eslint/eslint-plugin/node_modules/@typescript-eslint/utils
npm WARN     @typescript-eslint/utils@"7.18.0" from @typescript-eslint/eslint-plugin@7.18.0
npm WARN     node_modules/@typescript-eslint/eslint-plugin
npm WARN     1 more (@typescript-eslint/type-utils)

up to date, audited 468 packages in 1s

156 packages are looking for funding
  run `npm fund` for details

2 moderate severity vulnerabilities

To address all issues (including breaking changes), run:
  npm audit fix --force

Run `npm audit` for details.
[20250226-06:37:18] Build...

> shopee-clone@0.0.0 build
> tsc -b && vite build

vite v5.4.14 building for production...
transforming...
✓ 624 modules transformed.
rendering chunks...
computing gzip size...
dist/index.html                   0.46 kB │ gzip:   0.30 kB
dist/assets/user-D8aBXek0.png    10.11 kB
dist/assets/index-fW0t2oM7.css   36.25 kB │ gzip:   7.24 kB
dist/assets/index-BIGqR9F2.js   709.42 kB │ gzip: 242.64 kB
✓ built in 4.46s
[20250226-06:37:24] Restart service...
[20250226-06:37:24] Triển khai thành công!
