[INFO] Deploying branch:  to environment: 
[INFO] Deploying branch:  to environment: 
fatal: couldn't find remote ref HEAD
[ERROR] Deploy thất bại!
[INFO] Deploying branch:  to environment: 
[INFO] Deploying branch:  to environment: 
fatal: couldn't find remote ref HEAD
[ERROR] Deploy thất bại!
[INFO] Deploying branch:  to environment: 
[INFO] Deploying branch:  to environment: 
fatal: couldn't find remote ref HEAD
[ERROR] Deploy thất bại!
[INFO] Deploying branch:  to environment: 
[INFO] Deploying branch:  to environment: 
fatal: couldn't find remote ref HEAD
[ERROR] Deploy thất bại!
[INFO] Deploying branch:  to environment: 
[INFO] Deploying branch:  to environment: 
fatal: couldn't find remote ref HEAD
[ERROR] Deploy thất bại!
[INFO] Deploying branch:  to environment: 
[INFO] Deploying branch:  to environment: 
fatal: couldn't find remote ref HEAD
[ERROR] Deploy thất bại!
[INFO] Deploying branch:  to environment: 
[INFO] Deploying branch:  to environment: 
fatal: couldn't find remote ref HEAD
[ERROR] Deploy thất bại!
[INFO] Deploying branch: main to environment: production
[INFO] Deploying branch: main to environment: production
fatal: couldn't find remote ref main
[ERROR] Deploy thất bại!
[INFO] Deploying branch: main to environment: production
[INFO] Deploying branch: main to environment: production
[SUCCESS] Deploy hoàn tất!
[INFO] Deploying branch: main to environment: production
[INFO] Deploying branch: main to environment: production
fatal: couldn't find remote ref main
[ERROR] Deploy thất bại!
[INFO] Deploying branch:  to environment: 
[INFO] Deploying branch:  to environment: 
fatal: couldn't find remote ref HEAD
[ERROR] Deploy thất bại!
